[info] Log at : 2022/3/10|22:29:05|GMT+0800

[info] Log at : 2022/3/11|21:58:03|GMT+0800

[info] Log at : 2022/3/11|22:15:44|GMT+0800

[info] Log at : 2022/3/11|22:45:41|GMT+0800

[info] Log at : 2022/3/11|22:47:42|GMT+0800

[info] Log at : 2022/3/12|12:05:45|GMT+0800

[info] Log at : 2022/3/13|09:35:56|GMT+0800

[info] Log at : 2022/3/13|11:03:52|GMT+0800

[info] Log at : 2022/3/14|21:21:30|GMT+0800

[info] Log at : 2022/3/14|21:55:35|GMT+0800

[info] Log at : 2022/3/15|21:49:12|GMT+0800

[info] Log at : 2022/3/17|00:02:17|GMT+0800

[info] Log at : 2022/3/17|00:04:44|GMT+0800

[info] Log at : 2022/3/17|08:03:06|GMT+0800

[info] Log at : 2022/3/17|09:37:59|GMT+0800

[info] Log at : 2022/3/17|12:28:53|GMT+0800

[info] Log at : 2022/3/17|22:01:12|GMT+0800

[info] Log at : 2022/3/19|11:51:06|GMT+0800

[info] Log at : 2022/3/19|17:37:58|GMT+0800

[info] Log at : 2022/3/20|20:02:31|GMT+0800

[info] Log at : 2022/3/23|23:47:33|GMT+0800

[info] Log at : 2022/3/24|09:51:59|GMT+0800

[info] Log at : 2022/4/16|11:44:23|GMT+0800

[info] Log at : 2022/4/16|13:34:23|GMT+0800

[SyntaxError: Unexpected token / in JSON at position 480
	at JSON.parse (<anonymous>)
	at F.updateCppProperties (c:\Users\AX\.vscode\extensions\cl.keil-assistant-1.7.0\dist\extension.js:1:10911)
	at F.<anonymous> (c:\Users\AX\.vscode\extensions\cl.keil-assistant-1.7.0\dist\extension.js:1:12641)
	at Generator.next (<anonymous>)
	at c:\Users\AX\.vscode\extensions\cl.keil-assistant-1.7.0\dist\extension.js:1:4542
	at new Promise (<anonymous>)
	at r (c:\Users\AX\.vscode\extensions\cl.keil-assistant-1.7.0\dist\extension.js:1:4287)
	at F.load (c:\Users\AX\.vscode\extensions\cl.keil-assistant-1.7.0\dist\extension.js:1:11372)
	at w.<anonymous> (c:\Users\AX\.vscode\extensions\cl.keil-assistant-1.7.0\dist\extension.js:1:8799)
	at Generator.next (<anonymous>)
	at a (c:\Users\AX\.vscode\extensions\cl.keil-assistant-1.7.0\dist\extension.js:1:4344)
	at processTicksAndRejections (node:internal/process/task_queues:96:5)]
[SyntaxError: Unexpected token / in JSON at position 480
	at JSON.parse (<anonymous>)
	at F.updateCppProperties (c:\Users\AX\.vscode\extensions\cl.keil-assistant-1.7.0\dist\extension.js:1:10911)
	at F.<anonymous> (c:\Users\AX\.vscode\extensions\cl.keil-assistant-1.7.0\dist\extension.js:1:12641)
	at Generator.next (<anonymous>)
	at c:\Users\AX\.vscode\extensions\cl.keil-assistant-1.7.0\dist\extension.js:1:4542
	at new Promise (<anonymous>)
	at r (c:\Users\AX\.vscode\extensions\cl.keil-assistant-1.7.0\dist\extension.js:1:4287)
	at F.load (c:\Users\AX\.vscode\extensions\cl.keil-assistant-1.7.0\dist\extension.js:1:11372)
	at w.<anonymous> (c:\Users\AX\.vscode\extensions\cl.keil-assistant-1.7.0\dist\extension.js:1:8799)
	at Generator.next (<anonymous>)
	at a (c:\Users\AX\.vscode\extensions\cl.keil-assistant-1.7.0\dist\extension.js:1:4344)
	at runMicrotasks (<anonymous>)
	at processTicksAndRejections (node:internal/process/task_queues:96:5)]
[info] Log at : 2022/4/16|23:43:41|GMT+0800

[info] Log at : 2022/4/17|18:46:52|GMT+0800

[info] Log at : 2022/4/20|19:29:06|GMT+0800

[info] Log at : 2022/4/20|22:35:25|GMT+0800

[info] Log at : 2022/4/20|23:35:08|GMT+0800

[SyntaxError: Unexpected token / in JSON at position 440
	at JSON.parse (<anonymous>)
	at F.updateCppProperties (c:\Users\AX\.vscode\extensions\cl.keil-assistant-1.7.0\dist\extension.js:1:10911)
	at F.<anonymous> (c:\Users\AX\.vscode\extensions\cl.keil-assistant-1.7.0\dist\extension.js:1:12641)
	at Generator.next (<anonymous>)
	at c:\Users\AX\.vscode\extensions\cl.keil-assistant-1.7.0\dist\extension.js:1:4542
	at new Promise (<anonymous>)
	at r (c:\Users\AX\.vscode\extensions\cl.keil-assistant-1.7.0\dist\extension.js:1:4287)
	at F.load (c:\Users\AX\.vscode\extensions\cl.keil-assistant-1.7.0\dist\extension.js:1:11372)
	at w.<anonymous> (c:\Users\AX\.vscode\extensions\cl.keil-assistant-1.7.0\dist\extension.js:1:8799)
	at Generator.next (<anonymous>)
	at a (c:\Users\AX\.vscode\extensions\cl.keil-assistant-1.7.0\dist\extension.js:1:4344)
	at runMicrotasks (<anonymous>)
	at processTicksAndRejections (node:internal/process/task_queues:96:5)
	at runNextTicks (node:internal/process/task_queues:65:3)
	at processTimers (node:internal/timers:497:9)]
[info] Log at : 2022/4/21|21:50:48|GMT+0800

[info] Log at : 2022/4/22|10:50:55|GMT+0800

[info] Log at : 2022/4/25|23:08:01|GMT+0800

[info] Log at : 2022/4/26|13:40:00|GMT+0800

[info] Log at : 2022/4/26|17:21:04|GMT+0800

[info] Log at : 2022/4/26|21:56:47|GMT+0800

[info] Log at : 2022/4/27|22:21:39|GMT+0800

[info] Log at : 2022/4/28|16:30:09|GMT+0800

[info] Log at : 2022/4/29|18:52:19|GMT+0800

[info] Log at : 2022/4/30|10:07:14|GMT+0800

[info] Log at : 2022/5/16|22:24:35|GMT+0800

[info] Log at : 2022/6/9|11:52:53|GMT+0800

[info] Log at : 2022/6/11|19:59:52|GMT+0800

[info] Log at : 2022/7/10|21:15:24|GMT+0800

[info] Log at : 2022/7/11|19:55:29|GMT+0800

[info] Log at : 2022/7/11|20:01:35|GMT+0800

[info] Log at : 2022/7/12|10:17:52|GMT+0800

[info] Log at : 2022/7/15|22:55:03|GMT+0800

[info] Log at : 2022/8/6|13:46:49|GMT+0800

[info] Log at : 2022/8/6|13:58:13|GMT+0800

[info] Log at : 2022/11/27|13:50:34|GMT+0800

[info] Log at : 2023/3/4|14:03:03|GMT+0800

